<?xml version="1.0" encoding="UTF-8"?>
<!-- Generated by org.testng.reporters.JUnitReportReporter -->
<testsuite hostname="DESKTOP-EPM5ANF" failures="0" tests="4" name="com.vtiger.tests.LoginTests" time="68.422" errors="0" timestamp="2023-12-07T01:30:35 IST" skipped="0">
  <testcase classname="com.vtiger.tests.LoginTests" name="verifyLogoonLoginScreen_TC03" time="0.061"/>
  <system-out/>
  <testcase classname="com.vtiger.tests.LoginTests" name="verifylogin_TC01" time="0.024"/>
  <system-out/>
  <testcase classname="com.vtiger.tests.LoginTests" name="verifyNewLead_TC04" time="66.587"/>
  <system-out/>
  <testcase classname="com.vtiger.tests.LoginTests" name="verifyInValidlogin_TC02" time="1.750"/>
  <system-out/>
</testsuite> <!-- com.vtiger.tests.LoginTests -->
